# JRE version: OpenJDK Runtime Environment (8.0_212-b04) (build 1.8.0_212-release-1586-b04)
# Java VM: OpenJDK 64-Bit Server VM (25.212-b04 mixed mode windows-amd64 compressed oops)
Heap:
 PSYoungGen      total 272384K, used 99030K [0x00000000e0000000, 0x00000000f2c00000, 0x0000000100000000)
  eden space 240128K, 32% used [0x00000000e0000000,0x00000000e4b10ff8,0x00000000eea80000)
  from space 32256K, 68% used [0x00000000f0a80000,0x00000000f2024bf0,0x00000000f2a00000)
  to   space 32768K, 0% used [0x00000000eea80000,0x00000000eea80000,0x00000000f0a80000)
 ParOldGen       total 228864K, used 64144K [0x00000000a0000000, 0x00000000adf80000, 0x00000000e0000000)
  object space 228864K, 28% used [0x00000000a0000000,0x00000000a3ea40f8,0x00000000adf80000)
 Metaspace       used 81191K, capacity 86190K, committed 86272K, reserved 1124352K
  class space    used 10797K, capacity 11765K, committed 11776K, reserved 1048576K
GC Heap History (10 events):
Event: 9.683 GC heap before
{Heap before GC invocations=13 (full 3):
 PSYoungGen      total 198144K, used 17376K [0x00000000e0000000, 0x00000000ef480000, 0x0000000100000000)
  eden space 180736K, 0% used [0x00000000e0000000,0x00000000e0000000,0x00000000eb080000)
  from space 17408K, 99% used [0x00000000ec400000,0x00000000ed4f82c0,0x00000000ed500000)
  to   space 19968K, 0% used [0x00000000eb080000,0x00000000eb080000,0x00000000ec400000)
 ParOldGen       total 152064K, used 26768K [0x00000000a0000000, 0x00000000a9480000, 0x00000000e0000000)
  object space 152064K, 17% used [0x00000000a0000000,0x00000000a1a24020,0x00000000a9480000)
 Metaspace       used 57117K, capacity 59126K, committed 59160K, reserved 1099776K
  class space    used 7707K, capacity 8165K, committed 8192K, reserved 1048576K
Event: 9.893 GC heap after
Heap after GC invocations=13 (full 3):
 PSYoungGen      total 198144K, used 0K [0x00000000e0000000, 0x00000000ef480000, 0x0000000100000000)
  eden space 180736K, 0% used [0x00000000e0000000,0x00000000e0000000,0x00000000eb080000)
  from space 17408K, 0% used [0x00000000ec400000,0x00000000ec400000,0x00000000ed500000)
  to   space 19968K, 0% used [0x00000000eb080000,0x00000000eb080000,0x00000000ec400000)
 ParOldGen       total 228864K, used 33887K [0x00000000a0000000, 0x00000000adf80000, 0x00000000e0000000)
  object space 228864K, 14% used [0x00000000a0000000,0x00000000a2117e08,0x00000000adf80000)
 Metaspace       used 57039K, capacity 58870K, committed 59160K, reserved 1099776K
  class space    used 7684K, capacity 8128K, committed 8192K, reserved 1048576K
}
Event: 11.683 GC heap before
{Heap before GC invocations=14 (full 3):
 PSYoungGen      total 198144K, used 180736K [0x00000000e0000000, 0x00000000ef480000, 0x0000000100000000)
  eden space 180736K, 100% used [0x00000000e0000000,0x00000000eb080000,0x00000000eb080000)
  from space 17408K, 0% used [0x00000000ec400000,0x00000000ec400000,0x00000000ed500000)
  to   space 19968K, 0% used [0x00000000eb080000,0x00000000eb080000,0x00000000ec400000)
 ParOldGen       total 228864K, used 33887K [0x00000000a0000000, 0x00000000adf80000, 0x00000000e0000000)
  object space 228864K, 14% used [0x00000000a0000000,0x00000000a2117e08,0x00000000adf80000)
 Metaspace       used 65490K, capacity 68104K, committed 68224K, reserved 1107968K
  class space    used 9023K, capacity 9551K, committed 9600K, reserved 1048576K
Event: 11.697 GC heap after
Heap after GC invocations=14 (full 3):
 PSYoungGen      total 200704K, used 15383K [0x00000000e0000000, 0x00000000ef980000, 0x0000000100000000)
  eden space 180736K, 0% used [0x00000000e0000000,0x00000000e0000000,0x00000000eb080000)
  from space 19968K, 77% used [0x00000000eb080000,0x00000000ebf85f68,0x00000000ec400000)
  to   space 20480K, 0% used [0x00000000ee580000,0x00000000ee580000,0x00000000ef980000)
 ParOldGen       total 228864K, used 33895K [0x00000000a0000000, 0x00000000adf80000, 0x00000000e0000000)
  object space 228864K, 14% used [0x00000000a0000000,0x00000000a2119e08,0x00000000adf80000)
 Metaspace       used 65490K, capacity 68104K, committed 68224K, reserved 1107968K
  class space    used 9023K, capacity 9551K, committed 9600K, reserved 1048576K
}
Event: 15.442 GC heap before
{Heap before GC invocations=15 (full 3):
 PSYoungGen      total 200704K, used 196119K [0x00000000e0000000, 0x00000000ef980000, 0x0000000100000000)
  eden space 180736K, 100% used [0x00000000e0000000,0x00000000eb080000,0x00000000eb080000)
  from space 19968K, 77% used [0x00000000eb080000,0x00000000ebf85f68,0x00000000ec400000)
  to   space 20480K, 0% used [0x00000000ee580000,0x00000000ee580000,0x00000000ef980000)
 ParOldGen       total 228864K, used 33895K [0x00000000a0000000, 0x00000000adf80000, 0x00000000e0000000)
  object space 228864K, 14% used [0x00000000a0000000,0x00000000a2119e08,0x00000000adf80000)
 Metaspace       used 68795K, capacity 72556K, committed 72704K, reserved 1112064K
  class space    used 9429K, capacity 10135K, committed 10240K, reserved 1048576K
Event: 15.467 GC heap after
Heap after GC invocations=15 (full 3):
 PSYoungGen      total 231424K, used 20469K [0x00000000e0000000, 0x00000000efd80000, 0x0000000100000000)
  eden space 210944K, 0% used [0x00000000e0000000,0x00000000e0000000,0x00000000ece00000)
  from space 20480K, 99% used [0x00000000ee580000,0x00000000ef97d5b8,0x00000000ef980000)
  to   space 24064K, 0% used [0x00000000ece00000,0x00000000ece00000,0x00000000ee580000)
 ParOldGen       total 228864K, used 36252K [0x00000000a0000000, 0x00000000adf80000, 0x00000000e0000000)
  object space 228864K, 15% used [0x00000000a0000000,0x00000000a2367268,0x00000000adf80000)
 Metaspace       used 68795K, capacity 72556K, committed 72704K, reserved 1112064K
  class space    used 9429K, capacity 10135K, committed 10240K, reserved 1048576K
}
Event: 46.850 GC heap before
{Heap before GC invocations=16 (full 3):
 PSYoungGen      total 231424K, used 231413K [0x00000000e0000000, 0x00000000efd80000, 0x0000000100000000)
  eden space 210944K, 100% used [0x00000000e0000000,0x00000000ece00000,0x00000000ece00000)
  from space 20480K, 99% used [0x00000000ee580000,0x00000000ef97d5b8,0x00000000ef980000)
  to   space 24064K, 0% used [0x00000000ece00000,0x00000000ece00000,0x00000000ee580000)
 ParOldGen       total 228864K, used 36252K [0x00000000a0000000, 0x00000000adf80000, 0x00000000e0000000)
  object space 228864K, 15% used [0x00000000a0000000,0x00000000a2367268,0x00000000adf80000)
 Metaspace       used 73620K, capacity 77888K, committed 78080K, reserved 1116160K
  class space    used 9870K, capacity 10696K, committed 10752K, reserved 1048576K
Event: 46.882 GC heap after
Heap after GC invocations=16 (full 3):
 PSYoungGen      total 235008K, used 24046K [0x00000000e0000000, 0x00000000f2a00000, 0x0000000100000000)
  eden space 210944K, 0% used [0x00000000e0000000,0x00000000e0000000,0x00000000ece00000)
  from space 24064K, 99% used [0x00000000ece00000,0x00000000ee57b8a0,0x00000000ee580000)
  to   space 32256K, 0% used [0x00000000f0a80000,0x00000000f0a80000,0x00000000f2a00000)
 ParOldGen       total 228864K, used 49853K [0x00000000a0000000, 0x00000000adf80000, 0x00000000e0000000)
  object space 228864K, 21% used [0x00000000a0000000,0x00000000a30af4b0,0x00000000adf80000)
 Metaspace       used 73620K, capacity 77888K, committed 78080K, reserved 1116160K
  class space    used 9870K, capacity 10696K, committed 10752K, reserved 1048576K
}
Event: 50.648 GC heap before
{Heap before GC invocations=17 (full 3):
 PSYoungGen      total 235008K, used 234990K [0x00000000e0000000, 0x00000000f2a00000, 0x0000000100000000)
  eden space 210944K, 100% used [0x00000000e0000000,0x00000000ece00000,0x00000000ece00000)
  from space 24064K, 99% used [0x00000000ece00000,0x00000000ee57b8a0,0x00000000ee580000)
  to   space 32256K, 0% used [0x00000000f0a80000,0x00000000f0a80000,0x00000000f2a00000)
 ParOldGen       total 228864K, used 49853K [0x00000000a0000000, 0x00000000adf80000, 0x00000000e0000000)
  object space 228864K, 21% used [0x00000000a0000000,0x00000000a30af4b0,0x00000000adf80000)
 Metaspace       used 77740K, capacity 82432K, committed 82560K, reserved 1120256K
  class space    used 10323K, capacity 11276K, committed 11392K, reserved 1048576K
Event: 50.685 GC heap after
Heap after GC invocations=17 (full 3):
 PSYoungGen      total 272384K, used 22162K [0x00000000e0000000, 0x00000000f2c00000, 0x0000000100000000)
  eden space 240128K, 0% used [0x00000000e0000000,0x00000000e0000000,0x00000000eea80000)
  from space 32256K, 68% used [0x00000000f0a80000,0x00000000f2024bf0,0x00000000f2a00000)
  to   space 32768K, 0% used [0x00000000eea80000,0x00000000eea80000,0x00000000f0a80000)
 ParOldGen       total 228864K, used 64144K [0x00000000a0000000, 0x00000000adf80000, 0x00000000e0000000)
  object space 228864K, 28% used [0x00000000a0000000,0x00000000a3ea40f8,0x00000000adf80000)
 Metaspace       used 77740K, capacity 82432K, committed 82560K, reserved 1120256K
  class space    used 10323K, capacity 11276K, committed 11392K, reserved 1048576K
}

