# JRE version: OpenJDK Runtime Environment (8.0_212-b04) (build 1.8.0_212-release-1586-b04)
# Java VM: OpenJDK 64-Bit Server VM (25.212-b04 mixed mode windows-amd64 compressed oops)
Heap:
 PSYoungGen      total 186368K, used 111171K [0x00000000e0000000, 0x00000000ef700000, 0x0000000100000000)
  eden space 171520K, 64% used [0x00000000e0000000,0x00000000e6c90c90,0x00000000ea780000)
  from space 14848K, 0% used [0x00000000ea780000,0x00000000ea780000,0x00000000eb600000)
  to   space 19968K, 0% used [0x00000000ee380000,0x00000000ee380000,0x00000000ef700000)
 ParOldGen       total 218112K, used 38297K [0x00000000a0000000, 0x00000000ad500000, 0x00000000e0000000)
  object space 218112K, 17% used [0x00000000a0000000,0x00000000a2566598,0x00000000ad500000)
 Metaspace       used 59712K, capacity 62476K, committed 62680K, reserved 1103872K
  class space    used 8290K, capacity 8870K, committed 8920K, reserved 1048576K
GC Heap History (10 events):
Event: 5.274 GC heap before
{Heap before GC invocations=8 (full 1):
 PSYoungGen      total 117760K, used 70333K [0x00000000e0000000, 0x00000000e7f80000, 0x0000000100000000)
  eden space 107008K, 57% used [0x00000000e0000000,0x00000000e3c757e8,0x00000000e6880000)
  from space 10752K, 78% used [0x00000000e7500000,0x00000000e7d39cb8,0x00000000e7f80000)
  to   space 11776K, 0% used [0x00000000e6880000,0x00000000e6880000,0x00000000e7400000)
 ParOldGen       total 93184K, used 7935K [0x00000000a0000000, 0x00000000a5b00000, 0x00000000e0000000)
  object space 93184K, 8% used [0x00000000a0000000,0x00000000a07bff38,0x00000000a5b00000)
 Metaspace       used 34535K, capacity 35438K, committed 35456K, reserved 1079296K
  class space    used 4752K, capacity 4982K, committed 4992K, reserved 1048576K
Event: 5.281 GC heap after
Heap after GC invocations=8 (full 1):
 PSYoungGen      total 118784K, used 11051K [0x00000000e0000000, 0x00000000ec480000, 0x0000000100000000)
  eden space 107008K, 0% used [0x00000000e0000000,0x00000000e0000000,0x00000000e6880000)
  from space 11776K, 93% used [0x00000000e6880000,0x00000000e734ace0,0x00000000e7400000)
  to   space 12800K, 0% used [0x00000000eb800000,0x00000000eb800000,0x00000000ec480000)
 ParOldGen       total 93184K, used 7943K [0x00000000a0000000, 0x00000000a5b00000, 0x00000000e0000000)
  object space 93184K, 8% used [0x00000000a0000000,0x00000000a07c1f38,0x00000000a5b00000)
 Metaspace       used 34535K, capacity 35438K, committed 35456K, reserved 1079296K
  class space    used 4752K, capacity 4982K, committed 4992K, reserved 1048576K
}
Event: 5.281 GC heap before
{Heap before GC invocations=9 (full 2):
 PSYoungGen      total 118784K, used 11051K [0x00000000e0000000, 0x00000000ec480000, 0x0000000100000000)
  eden space 107008K, 0% used [0x00000000e0000000,0x00000000e0000000,0x00000000e6880000)
  from space 11776K, 93% used [0x00000000e6880000,0x00000000e734ace0,0x00000000e7400000)
  to   space 12800K, 0% used [0x00000000eb800000,0x00000000eb800000,0x00000000ec480000)
 ParOldGen       total 93184K, used 7943K [0x00000000a0000000, 0x00000000a5b00000, 0x00000000e0000000)
  object space 93184K, 8% used [0x00000000a0000000,0x00000000a07c1f38,0x00000000a5b00000)
 Metaspace       used 34535K, capacity 35438K, committed 35456K, reserved 1079296K
  class space    used 4752K, capacity 4982K, committed 4992K, reserved 1048576K
Event: 5.311 GC heap after
Heap after GC invocations=9 (full 2):
 PSYoungGen      total 118784K, used 0K [0x00000000e0000000, 0x00000000ec480000, 0x0000000100000000)
  eden space 107008K, 0% used [0x00000000e0000000,0x00000000e0000000,0x00000000e6880000)
  from space 11776K, 0% used [0x00000000e6880000,0x00000000e6880000,0x00000000e7400000)
  to   space 12800K, 0% used [0x00000000eb800000,0x00000000eb800000,0x00000000ec480000)
 ParOldGen       total 141312K, used 17842K [0x00000000a0000000, 0x00000000a8a00000, 0x00000000e0000000)
  object space 141312K, 12% used [0x00000000a0000000,0x00000000a116c9b0,0x00000000a8a00000)
 Metaspace       used 34483K, capacity 35264K, committed 35456K, reserved 1079296K
  class space    used 4736K, capacity 4953K, committed 4992K, reserved 1048576K
}
Event: 6.205 GC heap before
{Heap before GC invocations=10 (full 2):
 PSYoungGen      total 118784K, used 107008K [0x00000000e0000000, 0x00000000ec480000, 0x0000000100000000)
  eden space 107008K, 100% used [0x00000000e0000000,0x00000000e6880000,0x00000000e6880000)
  from space 11776K, 0% used [0x00000000e6880000,0x00000000e6880000,0x00000000e7400000)
  to   space 12800K, 0% used [0x00000000eb800000,0x00000000eb800000,0x00000000ec480000)
 ParOldGen       total 141312K, used 17842K [0x00000000a0000000, 0x00000000a8a00000, 0x00000000e0000000)
  object space 141312K, 12% used [0x00000000a0000000,0x00000000a116c9b0,0x00000000a8a00000)
 Metaspace       used 44921K, capacity 46074K, committed 46336K, reserved 1089536K
  class space    used 6033K, capacity 6347K, committed 6400K, reserved 1048576K
Event: 6.215 GC heap after
Heap after GC invocations=10 (full 2):
 PSYoungGen      total 175616K, used 12785K [0x00000000e0000000, 0x00000000ec480000, 0x0000000100000000)
  eden space 162816K, 0% used [0x00000000e0000000,0x00000000e0000000,0x00000000e9f00000)
  from space 12800K, 99% used [0x00000000eb800000,0x00000000ec47c760,0x00000000ec480000)
  to   space 14848K, 0% used [0x00000000ea780000,0x00000000ea780000,0x00000000eb600000)
 ParOldGen       total 141312K, used 20290K [0x00000000a0000000, 0x00000000a8a00000, 0x00000000e0000000)
  object space 141312K, 14% used [0x00000000a0000000,0x00000000a13d0918,0x00000000a8a00000)
 Metaspace       used 44921K, capacity 46074K, committed 46336K, reserved 1089536K
  class space    used 6033K, capacity 6347K, committed 6400K, reserved 1048576K
}
Event: 7.746 GC heap before
{Heap before GC invocations=11 (full 2):
 PSYoungGen      total 175616K, used 170119K [0x00000000e0000000, 0x00000000ec480000, 0x0000000100000000)
  eden space 162816K, 96% used [0x00000000e0000000,0x00000000e99a5738,0x00000000e9f00000)
  from space 12800K, 99% used [0x00000000eb800000,0x00000000ec47c760,0x00000000ec480000)
  to   space 14848K, 0% used [0x00000000ea780000,0x00000000ea780000,0x00000000eb600000)
 ParOldGen       total 141312K, used 20290K [0x00000000a0000000, 0x00000000a8a00000, 0x00000000e0000000)
  object space 141312K, 14% used [0x00000000a0000000,0x00000000a13d0918,0x00000000a8a00000)
 Metaspace       used 56913K, capacity 59024K, committed 59096K, reserved 1099776K
  class space    used 7892K, capacity 8336K, committed 8408K, reserved 1048576K
Event: 7.767 GC heap after
Heap after GC invocations=11 (full 2):
 PSYoungGen      total 186368K, used 14821K [0x00000000e0000000, 0x00000000ef700000, 0x0000000100000000)
  eden space 171520K, 0% used [0x00000000e0000000,0x00000000e0000000,0x00000000ea780000)
  from space 14848K, 99% used [0x00000000ea780000,0x00000000eb5f97b0,0x00000000eb600000)
  to   space 19968K, 0% used [0x00000000ee380000,0x00000000ee380000,0x00000000ef700000)
 ParOldGen       total 141312K, used 29319K [0x00000000a0000000, 0x00000000a8a00000, 0x00000000e0000000)
  object space 141312K, 20% used [0x00000000a0000000,0x00000000a1ca1cc8,0x00000000a8a00000)
 Metaspace       used 56913K, capacity 59024K, committed 59096K, reserved 1099776K
  class space    used 7892K, capacity 8336K, committed 8408K, reserved 1048576K
}
Event: 7.767 GC heap before
{Heap before GC invocations=12 (full 3):
 PSYoungGen      total 186368K, used 14821K [0x00000000e0000000, 0x00000000ef700000, 0x0000000100000000)
  eden space 171520K, 0% used [0x00000000e0000000,0x00000000e0000000,0x00000000ea780000)
  from space 14848K, 99% used [0x00000000ea780000,0x00000000eb5f97b0,0x00000000eb600000)
  to   space 19968K, 0% used [0x00000000ee380000,0x00000000ee380000,0x00000000ef700000)
 ParOldGen       total 141312K, used 29319K [0x00000000a0000000, 0x00000000a8a00000, 0x00000000e0000000)
  object space 141312K, 20% used [0x00000000a0000000,0x00000000a1ca1cc8,0x00000000a8a00000)
 Metaspace       used 56913K, capacity 59024K, committed 59096K, reserved 1099776K
  class space    used 7892K, capacity 8336K, committed 8408K, reserved 1048576K
Event: 7.969 GC heap after
Heap after GC invocations=12 (full 3):
 PSYoungGen      total 186368K, used 0K [0x00000000e0000000, 0x00000000ef700000, 0x0000000100000000)
  eden space 171520K, 0% used [0x00000000e0000000,0x00000000e0000000,0x00000000ea780000)
  from space 14848K, 0% used [0x00000000ea780000,0x00000000ea780000,0x00000000eb600000)
  to   space 19968K, 0% used [0x00000000ee380000,0x00000000ee380000,0x00000000ef700000)
 ParOldGen       total 218112K, used 38297K [0x00000000a0000000, 0x00000000ad500000, 0x00000000e0000000)
  object space 218112K, 17% used [0x00000000a0000000,0x00000000a2566598,0x00000000ad500000)
 Metaspace       used 56754K, capacity 58564K, committed 59096K, reserved 1099776K
  class space    used 7843K, capacity 8248K, committed 8408K, reserved 1048576K
}

